This file contains any messages produced by compilers while
running configure, to aid debugging if configure makes a mistake.

It was created by mydns configure 1.2.8.31, which was
generated by GNU Autoconf 2.69.  Invocation command line was

  $ ./configure --prefix=/usr/test LDFLAGS=-L/home/moriarti/mydns-geoip/geoip-api-c-master/libGeoIP LIBS=-lGeoIP -ljson-c CPPFLAGS=-I/home/moriarti/mydns-geoip/geoip-api-c-master/libGeoIP -I/home/moriarti/mydns-geoip/json/json-c --no-create --no-recursion

## --------- ##
## Platform. ##
## --------- ##

hostname = BlueGray
uname -m = x86_64
uname -r = 4.15.0-20-generic
uname -s = Linux
uname -v = #21-Ubuntu SMP Tue Apr 24 06:16:15 UTC 2018

/usr/bin/uname -p = unknown
/bin/uname -X     = unknown

/bin/arch              = unknown
/usr/bin/arch -k       = unknown
/usr/convex/getsysinfo = unknown
/usr/bin/hostinfo      = unknown
/bin/machine           = unknown
/usr/bin/oslevel       = unknown
/bin/universe          = unknown

PATH: /usr/local/sbin
PATH: /usr/local/bin
PATH: /usr/sbin
PATH: /usr/bin
PATH: /sbin
PATH: /bin
PATH: /usr/games
PATH: /usr/local/games


## ----------- ##
## Core tests. ##
## ----------- ##

configure:2726: checking for gcc
configure:2742: found /usr/bin/gcc
configure:2753: result: gcc
configure:2982: checking for C compiler version
configure:2991: gcc --version >&5
gcc (Ubuntu 7.3.0-27ubuntu1~18.04) 7.3.0
Copyright (C) 2017 Free Software Foundation, Inc.
This is free software; see the source for copying conditions.  There is NO
warranty; not even for MERCHANTABILITY or FITNESS FOR A PARTICULAR PURPOSE.

configure:3002: $? = 0
configure:2991: gcc -v >&5
Using built-in specs.
COLLECT_GCC=gcc
COLLECT_LTO_WRAPPER=/usr/lib/gcc/x86_64-linux-gnu/7/lto-wrapper
OFFLOAD_TARGET_NAMES=nvptx-none
OFFLOAD_TARGET_DEFAULT=1
Target: x86_64-linux-gnu
Configured with: ../src/configure -v --with-pkgversion='Ubuntu 7.3.0-27ubuntu1~18.04' --with-bugurl=file:///usr/share/doc/gcc-7/README.Bugs --enable-languages=c,ada,c++,go,brig,d,fortran,objc,obj-c++ --prefix=/usr --with-gcc-major-version-only --program-suffix=-7 --program-prefix=x86_64-linux-gnu- --enable-shared --enable-linker-build-id --libexecdir=/usr/lib --without-included-gettext --enable-threads=posix --libdir=/usr/lib --enable-nls --with-sysroot=/ --enable-clocale=gnu --enable-libstdcxx-debug --enable-libstdcxx-time=yes --with-default-libstdcxx-abi=new --enable-gnu-unique-object --disable-vtable-verify --enable-libmpx --enable-plugin --enable-default-pie --with-system-zlib --with-target-system-zlib --enable-objc-gc=auto --enable-multiarch --disable-werror --with-arch-32=i686 --with-abi=m64 --with-multilib-list=m32,m64,mx32 --enable-multilib --with-tune=generic --enable-offload-targets=nvptx-none --without-cuda-driver --enable-checking=release --build=x86_64-linux-gnu --host=x86_64-linux-gnu --target=x86_64-linux-gnu
Thread model: posix
gcc version 7.3.0 (Ubuntu 7.3.0-27ubuntu1~18.04) 
configure:3002: $? = 0
configure:2991: gcc -V >&5
gcc: error: unrecognized command line option '-V'
gcc: fatal error: no input files
compilation terminated.
configure:3002: $? = 1
configure:2991: gcc -qversion >&5
gcc: error: unrecognized command line option '-qversion'; did you mean '--version'?
gcc: fatal error: no input files
compilation terminated.
configure:3002: $? = 1
configure:3022: checking whether the C compiler works
configure:3044: gcc  -I/home/moriarti/mydns-geoip/geoip-api-c-master/libGeoIP -I/home/moriarti/mydns-geoip/json/json-c -L/home/moriarti/mydns-geoip/geoip-api-c-master/libGeoIP conftest.c -lGeoIP -ljson-c >&5
/usr/bin/ld: cannot find -ljson-c
collect2: error: ld returned 1 exit status
configure:3048: $? = 1
configure:3086: result: no
configure: failed program was:
| /* confdefs.h */
| #define PACKAGE_NAME "mydns"
| #define PACKAGE_TARNAME "mydns"
| #define PACKAGE_VERSION "1.2.8.31"
| #define PACKAGE_STRING "mydns 1.2.8.31"
| #define PACKAGE_BUGREPORT "http://bugs.mydns-ng.com/"
| #define PACKAGE_URL ""
| /* end confdefs.h.  */
| 
| int
| main ()
| {
| 
|   ;
|   return 0;
| }
configure:3091: error: in `/home/moriarti/mydns-geoip/mydns-1.2.8.31':
configure:3094: error: C compiler cannot create executables
See `config.log' for more details

## ---------------- ##
## Cache variables. ##
## ---------------- ##

ac_cv_env_CC_set=''
ac_cv_env_CC_value=''
ac_cv_env_CFLAGS_set=''
ac_cv_env_CFLAGS_value=''
ac_cv_env_CPPFLAGS_set='set'
ac_cv_env_CPPFLAGS_value='-I/home/moriarti/mydns-geoip/geoip-api-c-master/libGeoIP -I/home/moriarti/mydns-geoip/json/json-c'
ac_cv_env_CPP_set=''
ac_cv_env_CPP_value=''
ac_cv_env_LDFLAGS_set='set'
ac_cv_env_LDFLAGS_value='-L/home/moriarti/mydns-geoip/geoip-api-c-master/libGeoIP'
ac_cv_env_LIBS_set='set'
ac_cv_env_LIBS_value='-lGeoIP -ljson-c'
ac_cv_env_build_alias_set=''
ac_cv_env_build_alias_value=''
ac_cv_env_host_alias_set=''
ac_cv_env_host_alias_value=''
ac_cv_env_target_alias_set=''
ac_cv_env_target_alias_value=''
ac_cv_prog_ac_ct_CC='gcc'

## ----------------- ##
## Output variables. ##
## ----------------- ##

ACLOCAL=''
ALLOCA=''
AMDEPBACKSLASH=''
AMDEP_FALSE=''
AMDEP_TRUE=''
AMTAR=''
AR=''
AUTOCONF=''
AUTOHEADER=''
AUTOMAKE=''
AWK=''
BUILD_INCLUDED_LIBINTL=''
CATOBJEXT=''
CC='gcc'
CCDEPMODE=''
CFLAGS=''
COPYRIGHT_HOLDER=''
CPP=''
CPPFLAGS='-I/home/moriarti/mydns-geoip/geoip-api-c-master/libGeoIP -I/home/moriarti/mydns-geoip/json/json-c'
CYGPATH_W=''
DATADIRNAME=''
DEFS=''
DEPDIR=''
DOCDIR=''
DSYMUTIL=''
DUMPBIN=''
ECHO_C=''
ECHO_N='-n'
ECHO_T=''
EGREP=''
EXEEXT=''
FGREP=''
GENCAT=''
GLIBC21=''
GMSGFMT=''
GREP=''
INSTALL_DATA=''
INSTALL_PROGRAM=''
INSTALL_SCRIPT=''
INSTALL_STRIP_PROGRAM=''
INSTOBJEXT=''
INTLBISON=''
INTLINCLUDE=''
INTLLIBS=''
INTLOBJS=''
INTL_LIBTOOL_SUFFIX_PREFIX=''
LD=''
LDFLAGS='-L/home/moriarti/mydns-geoip/geoip-api-c-master/libGeoIP'
LIBICONV=''
LIBINTL=''
LIBM=''
LIBMYDNS=''
LIBMYSQLCLIENT=''
LIBNSL=''
LIBOBJS=''
LIBPQ=''
LIBS='-lGeoIP -ljson-c'
LIBSOCKET=''
LIBSQL=''
LIBSSL=''
LIBTOOL=''
LIBUTIL=''
LIBZ=''
LIPO=''
LN_S=''
LTLIBICONV=''
LTLIBINTL=''
LTLIBOBJS=''
MAKEINFO=''
MKDIR_P=''
MKINSTALLDIRS=''
MSGFMT=''
MSGMERGE=''
MYDNSDIR=''
MYDNSINCLUDE=''
MYDNS_CONF=''
MYSQL_INCLUDE=''
NM=''
NMEDIT=''
OBJDUMP=''
OBJEXT=''
OTOOL64=''
OTOOL=''
PACKAGE=''
PACKAGE_AUTHOR=''
PACKAGE_BUGREPORT='http://bugs.mydns-ng.com/'
PACKAGE_COPYRIGHT=''
PACKAGE_DATE=''
PACKAGE_HOMEPAGE=''
PACKAGE_NAME='mydns'
PACKAGE_RELEASE_DATE=''
PACKAGE_STRING='mydns 1.2.8.31'
PACKAGE_TARNAME='mydns'
PACKAGE_URL=''
PACKAGE_VERSION='1.2.8.31'
PATH_SEPARATOR=':'
POSUB=''
PQ_INCLUDE=''
PROFILE_ENABLED=''
RANLIB=''
SED=''
SET_MAKE=''
SHELL='/bin/sh'
SQLINCLUDE=''
SSLINCLUDE=''
STRIP=''
USE_DB_NAME=''
USE_INCLUDED_LIBINTL=''
USE_NLS=''
UTILDIR=''
UTILINCLUDE=''
VERSION=''
WEBROOT=''
XGETTEXT=''
ac_ct_CC='gcc'
ac_ct_DUMPBIN=''
ac_mydns_static_build=''
am__EXEEXT_FALSE=''
am__EXEEXT_TRUE=''
am__fastdepCC_FALSE=''
am__fastdepCC_TRUE=''
am__include=''
am__isrc=''
am__leading_dot=''
am__nodep=''
am__quote=''
am__tar=''
am__untar=''
bindir='${exec_prefix}/bin'
build=''
build_alias=''
build_cpu=''
build_os=''
build_vendor=''
datadir='${datarootdir}'
datarootdir='${prefix}/share'
docdir='${datarootdir}/doc/${PACKAGE_TARNAME}'
dvidir='${docdir}'
exec_prefix='NONE'
host=''
host_alias=''
host_cpu=''
host_os=''
host_vendor=''
htmldir='${docdir}'
includedir='${prefix}/include'
infodir='${datarootdir}/info'
install_sh=''
libdir='${exec_prefix}/lib'
libexecdir='${exec_prefix}/libexec'
localedir='${datarootdir}/locale'
localstatedir='${prefix}/var'
lt_ECHO='/bin/echo'
mandir='${datarootdir}/man'
mkdir_p=''
oldincludedir='/usr/include'
pdfdir='${docdir}'
prefix='/usr/test'
program_transform_name='s,x,x,'
psdir='${docdir}'
sbindir='${exec_prefix}/sbin'
sharedstatedir='${prefix}/com'
sysconfdir='${prefix}/etc'
target_alias=''

## ----------- ##
## confdefs.h. ##
## ----------- ##

/* confdefs.h */
#define PACKAGE_NAME "mydns"
#define PACKAGE_TARNAME "mydns"
#define PACKAGE_VERSION "1.2.8.31"
#define PACKAGE_STRING "mydns 1.2.8.31"
#define PACKAGE_BUGREPORT "http://bugs.mydns-ng.com/"
#define PACKAGE_URL ""

configure: exit 77
